<?xml version="1.0" encoding="UTF-8"?>
<!-- Generated by org.testng.reporters.JUnitXMLReporter -->
<testsuite hostname="user-PC" name="Default test" tests="3" failures="0" timestamp="26 Mar 2020 17:57:33 GMT" time="139.083" errors="0">
  <testcase name="CreateRediffAccount" time="3.343" classname="nal.qa.tests.SignupPageTest"/>
  <testcase name="CreateRediffAccount" time="3.092" classname="nal.qa.tests.SignupPageTest"/>
  <testcase name="CreateRediffAccount" time="2.618" classname="nal.qa.tests.SignupPageTest"/>
</testsuite> <!-- Default test -->
