<?xml version="1.0" encoding="UTF-8"?>
<!-- Generated by org.testng.reporters.JUnitXMLReporter -->
<testsuite hostname="user-PC" name="Test" tests="7" failures="0" timestamp="27 Mar 2020 17:41:52 GMT" time="281.246" errors="0">
  <testcase name="ClickOnProfileLabel" time="0.51" classname="nal.qa.tests.HomePageTest"/>
  <testcase name="VerifyHomePageTitle" time="0.067" classname="nal.qa.tests.HomePageTest"/>
  <testcase name="ValidateTitle" time="0.009" classname="nal.qa.tests.LoginPageTest"/>
  <testcase name="LoginTest" time="4.561" classname="nal.qa.tests.LoginPageTest"/>
  <testcase name="CreateRediffAccount" time="3.643" classname="nal.qa.tests.SignupPageTest"/>
  <testcase name="CreateRediffAccount" time="2.339" classname="nal.qa.tests.SignupPageTest"/>
  <testcase name="CreateRediffAccount" time="2.143" classname="nal.qa.tests.SignupPageTest"/>
</testsuite> <!-- Test -->
