<?xml version="1.0" encoding="UTF-8"?>
<!-- Generated by org.testng.reporters.JUnitXMLReporter -->
<testsuite hostname="user-PC" name="Test" tests="5" failures="0" timestamp="25 Mar 2020 17:29:25 GMT" time="182.541" errors="0">
  <testcase name="ValidateTitle" time="0.302" classname="nal.qa.tests.LoginPageTest"/>
  <testcase name="LoginTest" time="14.071" classname="nal.qa.tests.LoginPageTest"/>
  <testcase name="ClickOnProfileLabel" time="0.537" classname="nal.qa.tests.HomePageTest"/>
  <testcase name="VerifyHomePageTitle" time="0.03" classname="nal.qa.tests.HomePageTest"/>
  <testcase name="CreateAccount" time="7.468" classname="nal.qa.tests.SignupPageTest"/>
</testsuite> <!-- Test -->
