<?xml version="1.0" encoding="UTF-8"?>
<testng-results skipped="0" failed="0" total="7" passed="7">
  <reporter-output>
  </reporter-output>
  <suite name="Suite" duration-ms="281246" started-at="2020-03-27T17:37:10Z" finished-at="2020-03-27T17:41:51Z">
    <groups>
    </groups>
    <test name="Test" duration-ms="281246" started-at="2020-03-27T17:37:10Z" finished-at="2020-03-27T17:41:51Z">
      <class name="nal.qa.tests.SignupPageTest">
        <test-method status="PASS" signature="Initialize()[pri:0, instance:nal.qa.tests.SignupPageTest@77caeb3e]" name="Initialize" is-config="true" duration-ms="20625" started-at="2020-03-27T23:10:21Z" finished-at="2020-03-27T23:10:42Z">
          <reporter-output>
          </reporter-output>
        </test-method> <!-- Initialize -->
        <test-method status="PASS" signature="CreateRediffAccount(java.lang.String, java.lang.String, java.lang.String, java.lang.String, java.lang.String, java.lang.String, java.lang.String, java.lang.String, java.lang.String, java.lang.String, java.lang.String)[pri:0, instance:nal.qa.tests.SignupPageTest@77caeb3e]" name="CreateRediffAccount" duration-ms="3643" started-at="2020-03-27T23:10:42Z" data-provider="SignupData" finished-at="2020-03-27T23:10:45Z">
          <params>
            <param index="0">
              <value>
                <![CDATA[JAI HANUMAN]]>
              </value>
            </param>
            <param index="1">
              <value>
                <![CDATA[JAIHANUMANJNANAGUNASAGARA]]>
              </value>
            </param>
            <param index="2">
              <value>
                <![CDATA[#9481168689Jai]]>
              </value>
            </param>
            <param index="3">
              <value>
                <![CDATA[#9481168689Jai]]>
              </value>
            </param>
            <param index="4">
              <value>
                <![CDATA[vtr.12@rediffmail.com]]>
              </value>
            </param>
            <param index="5">
              <value>
                <![CDATA[8768768768]]>
              </value>
            </param>
            <param index="6">
              <value>
                <![CDATA[12]]>
              </value>
            </param>
            <param index="7">
              <value>
                <![CDATA[12]]>
              </value>
            </param>
            <param index="8">
              <value>
                <![CDATA[1993]]>
              </value>
            </param>
            <param index="9">
              <value>
                <![CDATA[99]]>
              </value>
            </param>
            <param index="10">
              <value>
                <![CDATA[Mysore]]>
              </value>
            </param>
          </params>
          <reporter-output>
          </reporter-output>
        </test-method> <!-- CreateRediffAccount -->
        <test-method status="PASS" signature="Teardown()[pri:0, instance:nal.qa.tests.SignupPageTest@77caeb3e]" name="Teardown" is-config="true" duration-ms="6326" started-at="2020-03-27T23:10:45Z" finished-at="2020-03-27T23:10:52Z">
          <reporter-output>
          </reporter-output>
        </test-method> <!-- Teardown -->
        <test-method status="PASS" signature="Initialize()[pri:0, instance:nal.qa.tests.SignupPageTest@77caeb3e]" name="Initialize" is-config="true" duration-ms="17593" started-at="2020-03-27T23:10:52Z" finished-at="2020-03-27T23:11:09Z">
          <reporter-output>
          </reporter-output>
        </test-method> <!-- Initialize -->
        <test-method status="PASS" signature="CreateRediffAccount(java.lang.String, java.lang.String, java.lang.String, java.lang.String, java.lang.String, java.lang.String, java.lang.String, java.lang.String, java.lang.String, java.lang.String, java.lang.String)[pri:0, instance:nal.qa.tests.SignupPageTest@77caeb3e]" name="CreateRediffAccount" duration-ms="2339" started-at="2020-03-27T23:11:09Z" data-provider="SignupData" finished-at="2020-03-27T23:11:12Z">
          <params>
            <param index="0">
              <value>
                <![CDATA[JAI HANUMAN]]>
              </value>
            </param>
            <param index="1">
              <value>
                <![CDATA[JAIHANUMANJNANAGUNASAGARA]]>
              </value>
            </param>
            <param index="2">
              <value>
                <![CDATA[#9481168689Jai]]>
              </value>
            </param>
            <param index="3">
              <value>
                <![CDATA[#9481168689Jai]]>
              </value>
            </param>
            <param index="4">
              <value>
                <![CDATA[vtr.12@rediffmail.com]]>
              </value>
            </param>
            <param index="5">
              <value>
                <![CDATA[8768768768]]>
              </value>
            </param>
            <param index="6">
              <value>
                <![CDATA[12]]>
              </value>
            </param>
            <param index="7">
              <value>
                <![CDATA[12]]>
              </value>
            </param>
            <param index="8">
              <value>
                <![CDATA[1993]]>
              </value>
            </param>
            <param index="9">
              <value>
                <![CDATA[99]]>
              </value>
            </param>
            <param index="10">
              <value>
                <![CDATA[Mysore]]>
              </value>
            </param>
          </params>
          <reporter-output>
          </reporter-output>
        </test-method> <!-- CreateRediffAccount -->
        <test-method status="PASS" signature="Teardown()[pri:0, instance:nal.qa.tests.SignupPageTest@77caeb3e]" name="Teardown" is-config="true" duration-ms="9063" started-at="2020-03-27T23:11:12Z" finished-at="2020-03-27T23:11:21Z">
          <reporter-output>
          </reporter-output>
        </test-method> <!-- Teardown -->
        <test-method status="PASS" signature="Initialize()[pri:0, instance:nal.qa.tests.SignupPageTest@77caeb3e]" name="Initialize" is-config="true" duration-ms="14944" started-at="2020-03-27T23:11:21Z" finished-at="2020-03-27T23:11:36Z">
          <reporter-output>
          </reporter-output>
        </test-method> <!-- Initialize -->
        <test-method status="PASS" signature="CreateRediffAccount(java.lang.String, java.lang.String, java.lang.String, java.lang.String, java.lang.String, java.lang.String, java.lang.String, java.lang.String, java.lang.String, java.lang.String, java.lang.String)[pri:0, instance:nal.qa.tests.SignupPageTest@77caeb3e]" name="CreateRediffAccount" duration-ms="2143" started-at="2020-03-27T23:11:36Z" data-provider="SignupData" finished-at="2020-03-27T23:11:38Z">
          <params>
            <param index="0">
              <value>
                <![CDATA[JAI HANUMAN]]>
              </value>
            </param>
            <param index="1">
              <value>
                <![CDATA[JAIHANUMANJNANAGUNASAGARA]]>
              </value>
            </param>
            <param index="2">
              <value>
                <![CDATA[#9481168689Jai]]>
              </value>
            </param>
            <param index="3">
              <value>
                <![CDATA[#9481168689Jai]]>
              </value>
            </param>
            <param index="4">
              <value>
                <![CDATA[vtr.12@rediffmail.com]]>
              </value>
            </param>
            <param index="5">
              <value>
                <![CDATA[8768768768]]>
              </value>
            </param>
            <param index="6">
              <value>
                <![CDATA[12]]>
              </value>
            </param>
            <param index="7">
              <value>
                <![CDATA[12]]>
              </value>
            </param>
            <param index="8">
              <value>
                <![CDATA[1993]]>
              </value>
            </param>
            <param index="9">
              <value>
                <![CDATA[99]]>
              </value>
            </param>
            <param index="10">
              <value>
                <![CDATA[Mysore]]>
              </value>
            </param>
          </params>
          <reporter-output>
          </reporter-output>
        </test-method> <!-- CreateRediffAccount -->
        <test-method status="PASS" signature="Teardown()[pri:0, instance:nal.qa.tests.SignupPageTest@77caeb3e]" name="Teardown" is-config="true" duration-ms="13538" started-at="2020-03-27T23:11:38Z" finished-at="2020-03-27T23:11:51Z">
          <reporter-output>
          </reporter-output>
        </test-method> <!-- Teardown -->
      </class> <!-- nal.qa.tests.SignupPageTest -->
      <class name="nal.qa.tests.LoginPageTest">
        <test-method status="PASS" signature="Initialize()[pri:0, instance:nal.qa.tests.LoginPageTest@66a3ffec]" name="Initialize" is-config="true" duration-ms="24223" started-at="2020-03-27T23:08:50Z" finished-at="2020-03-27T23:09:14Z">
          <reporter-output>
          </reporter-output>
        </test-method> <!-- Initialize -->
        <test-method status="PASS" signature="ValidateTitle()[pri:1, instance:nal.qa.tests.LoginPageTest@66a3ffec]" name="ValidateTitle" duration-ms="9" started-at="2020-03-27T23:09:14Z" finished-at="2020-03-27T23:09:14Z">
          <reporter-output>
          </reporter-output>
        </test-method> <!-- ValidateTitle -->
        <test-method status="PASS" signature="Teardown()[pri:0, instance:nal.qa.tests.LoginPageTest@66a3ffec]" name="Teardown" is-config="true" duration-ms="15205" started-at="2020-03-27T23:09:14Z" finished-at="2020-03-27T23:09:29Z">
          <reporter-output>
          </reporter-output>
        </test-method> <!-- Teardown -->
        <test-method status="PASS" signature="Initialize()[pri:0, instance:nal.qa.tests.LoginPageTest@66a3ffec]" name="Initialize" is-config="true" duration-ms="31493" started-at="2020-03-27T23:09:29Z" finished-at="2020-03-27T23:10:01Z">
          <reporter-output>
          </reporter-output>
        </test-method> <!-- Initialize -->
        <test-method status="PASS" signature="LoginTest()[pri:2, instance:nal.qa.tests.LoginPageTest@66a3ffec]" name="LoginTest" duration-ms="4561" started-at="2020-03-27T23:10:01Z" finished-at="2020-03-27T23:10:05Z">
          <reporter-output>
          </reporter-output>
        </test-method> <!-- LoginTest -->
        <test-method status="PASS" signature="Teardown()[pri:0, instance:nal.qa.tests.LoginPageTest@66a3ffec]" name="Teardown" is-config="true" duration-ms="12373" started-at="2020-03-27T23:10:05Z" finished-at="2020-03-27T23:10:17Z">
          <reporter-output>
          </reporter-output>
        </test-method> <!-- Teardown -->
      </class> <!-- nal.qa.tests.LoginPageTest -->
      <class name="nal.qa.tests.HomePageTest">
        <test-method status="PASS" signature="Initialize()[pri:0, instance:nal.qa.tests.HomePageTest@1e88b3c]" name="Initialize" is-config="true" duration-ms="52933" started-at="2020-03-27T23:07:10Z" finished-at="2020-03-27T23:08:03Z">
          <reporter-output>
          </reporter-output>
        </test-method> <!-- Initialize -->
        <test-method status="PASS" signature="ClickOnProfileLabel()[pri:0, instance:nal.qa.tests.HomePageTest@1e88b3c]" name="ClickOnProfileLabel" duration-ms="510" started-at="2020-03-27T23:08:03Z" finished-at="2020-03-27T23:08:04Z">
          <reporter-output>
          </reporter-output>
        </test-method> <!-- ClickOnProfileLabel -->
        <test-method status="PASS" signature="Teardown()[pri:0, instance:nal.qa.tests.HomePageTest@1e88b3c]" name="Teardown" is-config="true" duration-ms="11060" started-at="2020-03-27T23:08:04Z" finished-at="2020-03-27T23:08:15Z">
          <reporter-output>
          </reporter-output>
        </test-method> <!-- Teardown -->
        <test-method status="PASS" signature="Initialize()[pri:0, instance:nal.qa.tests.HomePageTest@1e88b3c]" name="Initialize" is-config="true" duration-ms="18841" started-at="2020-03-27T23:08:15Z" finished-at="2020-03-27T23:08:33Z">
          <reporter-output>
          </reporter-output>
        </test-method> <!-- Initialize -->
        <test-method status="PASS" signature="VerifyHomePageTitle()[pri:0, instance:nal.qa.tests.HomePageTest@1e88b3c]" name="VerifyHomePageTitle" duration-ms="67" started-at="2020-03-27T23:08:33Z" finished-at="2020-03-27T23:08:33Z">
          <reporter-output>
          </reporter-output>
        </test-method> <!-- VerifyHomePageTitle -->
        <test-method status="PASS" signature="Teardown()[pri:0, instance:nal.qa.tests.HomePageTest@1e88b3c]" name="Teardown" is-config="true" duration-ms="16127" started-at="2020-03-27T23:08:33Z" finished-at="2020-03-27T23:08:50Z">
          <reporter-output>
          </reporter-output>
        </test-method> <!-- Teardown -->
      </class> <!-- nal.qa.tests.HomePageTest -->
    </test> <!-- Test -->
  </suite> <!-- Suite -->
</testng-results>
