<?xml version="1.0" encoding="UTF-8"?>
<testng-results skipped="0" failed="0" total="3" passed="3">
  <reporter-output>
  </reporter-output>
  <suite name="Default suite" duration-ms="139083" started-at="2020-03-26T17:55:14Z" finished-at="2020-03-26T17:57:33Z">
    <groups>
    </groups>
    <test name="Default test" duration-ms="139083" started-at="2020-03-26T17:55:14Z" finished-at="2020-03-26T17:57:33Z">
      <class name="nal.qa.tests.SignupPageTest">
        <test-method status="PASS" signature="Initialize()[pri:0, instance:nal.qa.tests.SignupPageTest@27efef64]" name="Initialize" is-config="true" duration-ms="56433" started-at="2020-03-26T23:25:17Z" finished-at="2020-03-26T23:26:13Z">
          <reporter-output>
          </reporter-output>
        </test-method> <!-- Initialize -->
        <test-method status="PASS" signature="CreateRediffAccount(java.lang.String, java.lang.String, java.lang.String, java.lang.String, java.lang.String, java.lang.String, java.lang.String, java.lang.String, java.lang.String, java.lang.String, java.lang.String)[pri:0, instance:nal.qa.tests.SignupPageTest@27efef64]" name="CreateRediffAccount" duration-ms="3343" started-at="2020-03-26T23:26:13Z" data-provider="SignupData" finished-at="2020-03-26T23:26:17Z">
          <params>
            <param index="0">
              <value>
                <![CDATA[JAI HANUMAN]]>
              </value>
            </param>
            <param index="1">
              <value>
                <![CDATA[JAIHANUMANJNANAGUNASAGARA]]>
              </value>
            </param>
            <param index="2">
              <value>
                <![CDATA[#9481168689Jai]]>
              </value>
            </param>
            <param index="3">
              <value>
                <![CDATA[#9481168689Jai]]>
              </value>
            </param>
            <param index="4">
              <value>
                <![CDATA[vtr.12@rediffmail.com]]>
              </value>
            </param>
            <param index="5">
              <value>
                <![CDATA[8768768768]]>
              </value>
            </param>
            <param index="6">
              <value>
                <![CDATA[12]]>
              </value>
            </param>
            <param index="7">
              <value>
                <![CDATA[12]]>
              </value>
            </param>
            <param index="8">
              <value>
                <![CDATA[1993]]>
              </value>
            </param>
            <param index="9">
              <value>
                <![CDATA[99]]>
              </value>
            </param>
            <param index="10">
              <value>
                <![CDATA[Mysore]]>
              </value>
            </param>
          </params>
          <reporter-output>
          </reporter-output>
        </test-method> <!-- CreateRediffAccount -->
        <test-method status="PASS" signature="Teardown()[pri:0, instance:nal.qa.tests.SignupPageTest@27efef64]" name="Teardown" is-config="true" duration-ms="10326" started-at="2020-03-26T23:26:17Z" finished-at="2020-03-26T23:26:27Z">
          <reporter-output>
          </reporter-output>
        </test-method> <!-- Teardown -->
        <test-method status="PASS" signature="Initialize()[pri:0, instance:nal.qa.tests.SignupPageTest@27efef64]" name="Initialize" is-config="true" duration-ms="26064" started-at="2020-03-26T23:26:27Z" finished-at="2020-03-26T23:26:53Z">
          <reporter-output>
          </reporter-output>
        </test-method> <!-- Initialize -->
        <test-method status="PASS" signature="CreateRediffAccount(java.lang.String, java.lang.String, java.lang.String, java.lang.String, java.lang.String, java.lang.String, java.lang.String, java.lang.String, java.lang.String, java.lang.String, java.lang.String)[pri:0, instance:nal.qa.tests.SignupPageTest@27efef64]" name="CreateRediffAccount" duration-ms="3092" started-at="2020-03-26T23:26:53Z" data-provider="SignupData" finished-at="2020-03-26T23:26:56Z">
          <params>
            <param index="0">
              <value>
                <![CDATA[JAI HANUMAN]]>
              </value>
            </param>
            <param index="1">
              <value>
                <![CDATA[JAIHANUMANJNANAGUNASAGARA]]>
              </value>
            </param>
            <param index="2">
              <value>
                <![CDATA[#9481168689Jai]]>
              </value>
            </param>
            <param index="3">
              <value>
                <![CDATA[#9481168689Jai]]>
              </value>
            </param>
            <param index="4">
              <value>
                <![CDATA[vtr.12@rediffmail.com]]>
              </value>
            </param>
            <param index="5">
              <value>
                <![CDATA[8768768768]]>
              </value>
            </param>
            <param index="6">
              <value>
                <![CDATA[12]]>
              </value>
            </param>
            <param index="7">
              <value>
                <![CDATA[12]]>
              </value>
            </param>
            <param index="8">
              <value>
                <![CDATA[1993]]>
              </value>
            </param>
            <param index="9">
              <value>
                <![CDATA[99]]>
              </value>
            </param>
            <param index="10">
              <value>
                <![CDATA[Mysore]]>
              </value>
            </param>
          </params>
          <reporter-output>
          </reporter-output>
        </test-method> <!-- CreateRediffAccount -->
        <test-method status="PASS" signature="Teardown()[pri:0, instance:nal.qa.tests.SignupPageTest@27efef64]" name="Teardown" is-config="true" duration-ms="10667" started-at="2020-03-26T23:26:56Z" finished-at="2020-03-26T23:27:07Z">
          <reporter-output>
          </reporter-output>
        </test-method> <!-- Teardown -->
        <test-method status="PASS" signature="Initialize()[pri:0, instance:nal.qa.tests.SignupPageTest@27efef64]" name="Initialize" is-config="true" duration-ms="15009" started-at="2020-03-26T23:27:07Z" finished-at="2020-03-26T23:27:22Z">
          <reporter-output>
          </reporter-output>
        </test-method> <!-- Initialize -->
        <test-method status="PASS" signature="CreateRediffAccount(java.lang.String, java.lang.String, java.lang.String, java.lang.String, java.lang.String, java.lang.String, java.lang.String, java.lang.String, java.lang.String, java.lang.String, java.lang.String)[pri:0, instance:nal.qa.tests.SignupPageTest@27efef64]" name="CreateRediffAccount" duration-ms="2618" started-at="2020-03-26T23:27:22Z" data-provider="SignupData" finished-at="2020-03-26T23:27:24Z">
          <params>
            <param index="0">
              <value>
                <![CDATA[JAI HANUMAN]]>
              </value>
            </param>
            <param index="1">
              <value>
                <![CDATA[JAIHANUMANJNANAGUNASAGARA]]>
              </value>
            </param>
            <param index="2">
              <value>
                <![CDATA[#9481168689Jai]]>
              </value>
            </param>
            <param index="3">
              <value>
                <![CDATA[#9481168689Jai]]>
              </value>
            </param>
            <param index="4">
              <value>
                <![CDATA[vtr.12@rediffmail.com]]>
              </value>
            </param>
            <param index="5">
              <value>
                <![CDATA[8768768768]]>
              </value>
            </param>
            <param index="6">
              <value>
                <![CDATA[12]]>
              </value>
            </param>
            <param index="7">
              <value>
                <![CDATA[12]]>
              </value>
            </param>
            <param index="8">
              <value>
                <![CDATA[1993]]>
              </value>
            </param>
            <param index="9">
              <value>
                <![CDATA[99]]>
              </value>
            </param>
            <param index="10">
              <value>
                <![CDATA[Mysore]]>
              </value>
            </param>
          </params>
          <reporter-output>
          </reporter-output>
        </test-method> <!-- CreateRediffAccount -->
        <test-method status="PASS" signature="Teardown()[pri:0, instance:nal.qa.tests.SignupPageTest@27efef64]" name="Teardown" is-config="true" duration-ms="8995" started-at="2020-03-26T23:27:24Z" finished-at="2020-03-26T23:27:33Z">
          <reporter-output>
          </reporter-output>
        </test-method> <!-- Teardown -->
      </class> <!-- nal.qa.tests.SignupPageTest -->
    </test> <!-- Default test -->
  </suite> <!-- Default suite -->
</testng-results>
